[2020-10-13 13:00:09,370] INFO [GroupCoordinator 0]: Preparing to rebalance group group_id in state PreparingRebalance with old generation 2 (__consumer_offsets-13) (reason: Adding new member consumer-group_id-1-a35447e8-8aad-4fe9-8255-7bb546ce3ea3 with group instance id None) (kafka.coordinator.group.GroupCoordinator)
[2020-10-13 13:00:09,372] INFO [GroupCoordinator 0]: Stabilized group group_id generation 3 (__consumer_offsets-13) (kafka.coordinator.group.GroupCoordinator)
[2020-10-13 13:00:09,380] INFO [GroupCoordinator 0]: Assignment received from leader for group group_id for generation 3 (kafka.coordinator.group.GroupCoordinator)
[2020-10-13 13:02:04,927] INFO [GroupCoordinator 0]: Member[group.instance.id None, member.id consumer-group_id-1-a35447e8-8aad-4fe9-8255-7bb546ce3ea3] in group group_id has left, removing it from the group (kafka.coordinator.group.GroupCoordinator)
[2020-10-13 13:02:04,928] INFO [GroupCoordinator 0]: Preparing to rebalance group group_id in state PreparingRebalance with old generation 3 (__consumer_offsets-13) (reason: removing member consumer-group_id-1-a35447e8-8aad-4fe9-8255-7bb546ce3ea3 on LeaveGroup) (kafka.coordinator.group.GroupCoordinator)
[2020-10-13 13:02:04,928] INFO [GroupCoordinator 0]: Group group_id with generation 4 is now empty (__consumer_offsets-13) (kafka.coordinator.group.GroupCoordinator)
[2020-10-13 13:04:58,968] INFO [GroupMetadataManager brokerId=0] Removed 0 expired offsets in 0 milliseconds. (kafka.coordinator.group.GroupMetadataManager)
[2020-10-13 13:13:12,554] INFO [GroupCoordinator 0]: Preparing to rebalance group group_id in state PreparingRebalance with old generation 4 (__consumer_offsets-13) (reason: Adding new member consumer-group_id-1-4652e488-bf78-4d58-b270-2a0563b4fe7a with group instance id None) (kafka.coordinator.group.GroupCoordinator)
[2020-10-13 13:13:12,555] INFO [GroupCoordinator 0]: Stabilized group group_id generation 5 (__consumer_offsets-13) (kafka.coordinator.group.GroupCoordinator)
[2020-10-13 13:13:12,563] INFO [GroupCoordinator 0]: Assignment received from leader for group group_id for generation 5 (kafka.coordinator.group.GroupCoordinator)
[2020-10-13 13:14:58,976] INFO [GroupMetadataManager brokerId=0] Removed 0 expired offsets in 0 milliseconds. (kafka.coordinator.group.GroupMetadataManager)
[2020-10-13 13:15:19,213] INFO [GroupCoordinator 0]: Member[group.instance.id None, member.id consumer-group_id-1-4652e488-bf78-4d58-b270-2a0563b4fe7a] in group group_id has left, removing it from the group (kafka.coordinator.group.GroupCoordinator)
[2020-10-13 13:15:19,214] INFO [GroupCoordinator 0]: Preparing to rebalance group group_id in state PreparingRebalance with old generation 5 (__consumer_offsets-13) (reason: removing member consumer-group_id-1-4652e488-bf78-4d58-b270-2a0563b4fe7a on LeaveGroup) (kafka.coordinator.group.GroupCoordinator)
[2020-10-13 13:15:19,214] INFO [GroupCoordinator 0]: Group group_id with generation 6 is now empty (__consumer_offsets-13) (kafka.coordinator.group.GroupCoordinator)
[2020-10-13 13:18:17,217] INFO [GroupCoordinator 0]: Member[group.instance.id None, member.id consumer-console-consumer-4496-1-4385fc5f-1074-4815-ab5a-9f6bbd937175] in group console-consumer-4496 has left, removing it from the group (kafka.coordinator.group.GroupCoordinator)
[2020-10-13 13:18:17,218] INFO [GroupCoordinator 0]: Preparing to rebalance group console-consumer-4496 in state PreparingRebalance with old generation 2 (__consumer_offsets-42) (reason: removing member consumer-console-consumer-4496-1-4385fc5f-1074-4815-ab5a-9f6bbd937175 on LeaveGroup) (kafka.coordinator.group.GroupCoordinator)
[2020-10-13 13:18:17,219] INFO [GroupCoordinator 0]: Group console-consumer-4496 with generation 3 is now empty (__consumer_offsets-42) (kafka.coordinator.group.GroupCoordinator)
[2020-10-13 13:18:28,016] INFO [KafkaServer id=0] shutting down (kafka.server.KafkaServer)
[2020-10-13 13:18:28,018] INFO [KafkaServer id=0] Starting controlled shutdown (kafka.server.KafkaServer)
[2020-10-13 13:18:28,053] INFO [KafkaServer id=0] Controlled shutdown succeeded (kafka.server.KafkaServer)
[2020-10-13 13:18:28,061] INFO [/config/changes-event-process-thread]: Shutting down (kafka.common.ZkNodeChangeNotificationListener$ChangeEventProcessThread)
[2020-10-13 13:18:28,063] INFO [/config/changes-event-process-thread]: Stopped (kafka.common.ZkNodeChangeNotificationListener$ChangeEventProcessThread)
[2020-10-13 13:18:28,064] INFO [/config/changes-event-process-thread]: Shutdown completed (kafka.common.ZkNodeChangeNotificationListener$ChangeEventProcessThread)
[2020-10-13 13:18:28,065] INFO [SocketServer brokerId=0] Stopping socket server request processors (kafka.network.SocketServer)
[2020-10-13 13:18:28,079] INFO [SocketServer brokerId=0] Stopped socket server request processors (kafka.network.SocketServer)
[2020-10-13 13:18:28,080] INFO [data-plane Kafka Request Handler on Broker 0], shutting down (kafka.server.KafkaRequestHandlerPool)
[2020-10-13 13:18:28,083] INFO [data-plane Kafka Request Handler on Broker 0], shut down completely (kafka.server.KafkaRequestHandlerPool)
[2020-10-13 13:18:28,086] INFO [ExpirationReaper-0-AlterAcls]: Shutting down (kafka.server.DelayedOperationPurgatory$ExpiredOperationReaper)
[2020-10-13 13:18:28,190] INFO [ExpirationReaper-0-AlterAcls]: Stopped (kafka.server.DelayedOperationPurgatory$ExpiredOperationReaper)
[2020-10-13 13:18:28,190] INFO [ExpirationReaper-0-AlterAcls]: Shutdown completed (kafka.server.DelayedOperationPurgatory$ExpiredOperationReaper)
[2020-10-13 13:18:28,193] INFO [KafkaApi-0] Shutdown complete. (kafka.server.KafkaApis)
[2020-10-13 13:18:28,196] INFO [ExpirationReaper-0-topic]: Shutting down (kafka.server.DelayedOperationPurgatory$ExpiredOperationReaper)
[2020-10-13 13:18:28,322] INFO [ExpirationReaper-0-topic]: Stopped (kafka.server.DelayedOperationPurgatory$ExpiredOperationReaper)
[2020-10-13 13:18:28,322] INFO [ExpirationReaper-0-topic]: Shutdown completed (kafka.server.DelayedOperationPurgatory$ExpiredOperationReaper)
[2020-10-13 13:18:28,329] INFO [TransactionCoordinator id=0] Shutting down. (kafka.coordinator.transaction.TransactionCoordinator)
[2020-10-13 13:18:28,362] INFO [ProducerId Manager 0]: Shutdown complete: last producerId assigned 0 (kafka.coordinator.transaction.ProducerIdManager)
[2020-10-13 13:18:28,363] INFO [Transaction State Manager 0]: Shutdown complete (kafka.coordinator.transaction.TransactionStateManager)
[2020-10-13 13:18:28,364] INFO [Transaction Marker Channel Manager 0]: Shutting down (kafka.coordinator.transaction.TransactionMarkerChannelManager)
[2020-10-13 13:18:28,364] INFO [Transaction Marker Channel Manager 0]: Shutdown completed (kafka.coordinator.transaction.TransactionMarkerChannelManager)
[2020-10-13 13:18:28,364] INFO [Transaction Marker Channel Manager 0]: Stopped (kafka.coordinator.transaction.TransactionMarkerChannelManager)
[2020-10-13 13:18:28,365] INFO [TransactionCoordinator id=0] Shutdown complete. (kafka.coordinator.transaction.TransactionCoordinator)
[2020-10-13 13:18:28,367] INFO [GroupCoordinator 0]: Shutting down. (kafka.coordinator.group.GroupCoordinator)
[2020-10-13 13:18:28,367] INFO [ExpirationReaper-0-Heartbeat]: Shutting down (kafka.server.DelayedOperationPurgatory$ExpiredOperationReaper)
[2020-10-13 13:18:28,523] INFO [ExpirationReaper-0-Heartbeat]: Stopped (kafka.server.DelayedOperationPurgatory$ExpiredOperationReaper)
[2020-10-13 13:18:28,523] INFO [ExpirationReaper-0-Heartbeat]: Shutdown completed (kafka.server.DelayedOperationPurgatory$ExpiredOperationReaper)
[2020-10-13 13:18:28,525] INFO [ExpirationReaper-0-Rebalance]: Shutting down (kafka.server.DelayedOperationPurgatory$ExpiredOperationReaper)
[2020-10-13 13:18:28,596] INFO [ExpirationReaper-0-Rebalance]: Stopped (kafka.server.DelayedOperationPurgatory$ExpiredOperationReaper)
[2020-10-13 13:18:28,596] INFO [ExpirationReaper-0-Rebalance]: Shutdown completed (kafka.server.DelayedOperationPurgatory$ExpiredOperationReaper)
[2020-10-13 13:18:28,599] INFO [GroupCoordinator 0]: Shutdown complete. (kafka.coordinator.group.GroupCoordinator)
[2020-10-13 13:18:28,602] INFO [ReplicaManager broker=0] Shutting down (kafka.server.ReplicaManager)
[2020-10-13 13:18:28,603] INFO [LogDirFailureHandler]: Shutting down (kafka.server.ReplicaManager$LogDirFailureHandler)
[2020-10-13 13:18:28,603] INFO [LogDirFailureHandler]: Stopped (kafka.server.ReplicaManager$LogDirFailureHandler)
[2020-10-13 13:18:28,613] INFO [LogDirFailureHandler]: Shutdown completed (kafka.server.ReplicaManager$LogDirFailureHandler)
[2020-10-13 13:18:28,614] INFO [ReplicaFetcherManager on broker 0] shutting down (kafka.server.ReplicaFetcherManager)
[2020-10-13 13:18:28,618] INFO [ReplicaFetcherManager on broker 0] shutdown completed (kafka.server.ReplicaFetcherManager)
[2020-10-13 13:18:28,619] INFO [ReplicaAlterLogDirsManager on broker 0] shutting down (kafka.server.ReplicaAlterLogDirsManager)
[2020-10-13 13:18:28,619] INFO [ReplicaAlterLogDirsManager on broker 0] shutdown completed (kafka.server.ReplicaAlterLogDirsManager)
[2020-10-13 13:18:28,620] INFO [ExpirationReaper-0-Fetch]: Shutting down (kafka.server.DelayedOperationPurgatory$ExpiredOperationReaper)
[2020-10-13 13:18:28,760] INFO [ExpirationReaper-0-Fetch]: Stopped (kafka.server.DelayedOperationPurgatory$ExpiredOperationReaper)
[2020-10-13 13:18:28,760] INFO [ExpirationReaper-0-Fetch]: Shutdown completed (kafka.server.DelayedOperationPurgatory$ExpiredOperationReaper)
[2020-10-13 13:18:28,762] INFO [ExpirationReaper-0-Produce]: Shutting down (kafka.server.DelayedOperationPurgatory$ExpiredOperationReaper)
[2020-10-13 13:18:28,901] INFO [ExpirationReaper-0-Produce]: Stopped (kafka.server.DelayedOperationPurgatory$ExpiredOperationReaper)
[2020-10-13 13:18:28,901] INFO [ExpirationReaper-0-Produce]: Shutdown completed (kafka.server.DelayedOperationPurgatory$ExpiredOperationReaper)
[2020-10-13 13:18:28,903] INFO [ExpirationReaper-0-DeleteRecords]: Shutting down (kafka.server.DelayedOperationPurgatory$ExpiredOperationReaper)
[2020-10-13 13:18:29,101] INFO [ExpirationReaper-0-DeleteRecords]: Stopped (kafka.server.DelayedOperationPurgatory$ExpiredOperationReaper)
[2020-10-13 13:18:29,101] INFO [ExpirationReaper-0-DeleteRecords]: Shutdown completed (kafka.server.DelayedOperationPurgatory$ExpiredOperationReaper)
[2020-10-13 13:18:29,103] INFO [ExpirationReaper-0-ElectLeader]: Shutting down (kafka.server.DelayedOperationPurgatory$ExpiredOperationReaper)
[2020-10-13 13:18:29,125] INFO [ExpirationReaper-0-ElectLeader]: Stopped (kafka.server.DelayedOperationPurgatory$ExpiredOperationReaper)
[2020-10-13 13:18:29,125] INFO [ExpirationReaper-0-ElectLeader]: Shutdown completed (kafka.server.DelayedOperationPurgatory$ExpiredOperationReaper)
[2020-10-13 13:18:29,213] INFO [ReplicaManager broker=0] Shut down completely (kafka.server.ReplicaManager)
[2020-10-13 13:18:29,216] INFO Shutting down. (kafka.log.LogManager)
[2020-10-13 13:18:29,323] INFO [ProducerStateManager partition=usk_test-0] Writing producer snapshot at offset 11 (kafka.log.ProducerStateManager)
[2020-10-13 13:18:29,655] INFO [ProducerStateManager partition=__consumer_offsets-16] Writing producer snapshot at offset 3 (kafka.log.ProducerStateManager)
[2020-10-13 13:18:29,689] INFO [ProducerStateManager partition=test-0] Writing producer snapshot at offset 3 (kafka.log.ProducerStateManager)
[2020-10-13 13:18:29,800] INFO [ProducerStateManager partition=__consumer_offsets-42] Writing producer snapshot at offset 3 (kafka.log.ProducerStateManager)
[2020-10-13 13:18:30,044] INFO [ProducerStateManager partition=__consumer_offsets-13] Writing producer snapshot at offset 13 (kafka.log.ProducerStateManager)
[2020-10-13 13:18:30,642] INFO Shutdown complete. (kafka.log.LogManager)
[2020-10-13 13:18:30,655] INFO [ZooKeeperClient Kafka server] Closing. (kafka.zookeeper.ZooKeeperClient)
[2020-10-13 13:18:30,794] INFO Session: 0x1001e31b5d60000 closed (org.apache.zookeeper.ZooKeeper)
[2020-10-13 13:18:30,794] INFO EventThread shut down for session: 0x1001e31b5d60000 (org.apache.zookeeper.ClientCnxn)
[2020-10-13 13:18:30,796] INFO [ZooKeeperClient Kafka server] Closed. (kafka.zookeeper.ZooKeeperClient)
[2020-10-13 13:18:30,797] INFO [ThrottledChannelReaper-Fetch]: Shutting down (kafka.server.ClientQuotaManager$ThrottledChannelReaper)
[2020-10-13 13:18:31,125] INFO [ThrottledChannelReaper-Fetch]: Stopped (kafka.server.ClientQuotaManager$ThrottledChannelReaper)
[2020-10-13 13:18:31,125] INFO [ThrottledChannelReaper-Fetch]: Shutdown completed (kafka.server.ClientQuotaManager$ThrottledChannelReaper)
[2020-10-13 13:18:31,126] INFO [ThrottledChannelReaper-Produce]: Shutting down (kafka.server.ClientQuotaManager$ThrottledChannelReaper)
[2020-10-13 13:18:31,697] INFO [ThrottledChannelReaper-Produce]: Stopped (kafka.server.ClientQuotaManager$ThrottledChannelReaper)
[2020-10-13 13:18:31,697] INFO [ThrottledChannelReaper-Produce]: Shutdown completed (kafka.server.ClientQuotaManager$ThrottledChannelReaper)
[2020-10-13 13:18:31,698] INFO [ThrottledChannelReaper-Request]: Shutting down (kafka.server.ClientQuotaManager$ThrottledChannelReaper)
[2020-10-13 13:18:31,858] INFO [ThrottledChannelReaper-Request]: Stopped (kafka.server.ClientQuotaManager$ThrottledChannelReaper)
[2020-10-13 13:18:31,858] INFO [ThrottledChannelReaper-Request]: Shutdown completed (kafka.server.ClientQuotaManager$ThrottledChannelReaper)
[2020-10-13 13:18:31,861] INFO [SocketServer brokerId=0] Shutting down socket server (kafka.network.SocketServer)
[2020-10-13 13:18:31,942] INFO [SocketServer brokerId=0] Shutdown completed (kafka.network.SocketServer)
[2020-10-13 13:18:31,948] INFO [KafkaServer id=0] shut down completed (kafka.server.KafkaServer)
